# JRE version: OpenJDK Runtime Environment (8.0_242-b01) (build 1.8.0_242-release-1644-b01)
# Java VM: OpenJDK 64-Bit Server VM (25.242-b01 mixed mode windows-amd64 compressed oops)
Heap:
 PSYoungGen      total 210944K, used 171760K [0x00000000d5580000, 0x00000000e5180000, 0x0000000100000000)
  eden space 193536K, 88% used [0x00000000d5580000,0x00000000dfd3c040,0x00000000e1280000)
  from space 17408K, 0% used [0x00000000e2280000,0x00000000e2280000,0x00000000e3380000)
  to   space 16384K, 0% used [0x00000000e1280000,0x00000000e1280000,0x00000000e2280000)
 ParOldGen       total 118784K, used 33967K [0x0000000080000000, 0x0000000087400000, 0x00000000d5580000)
  object space 118784K, 28% used [0x0000000080000000,0x000000008212bef8,0x0000000087400000)
 Metaspace       used 66966K, capacity 69878K, committed 70104K, reserved 1110016K
  class space    used 9087K, capacity 9667K, committed 9728K, reserved 1048576K
GC Heap History (10 events):
Event: 13.296 GC heap before
{Heap before GC invocations=11 (full 2):
 PSYoungGen      total 130048K, used 7460K [0x00000000d5580000, 0x00000000e1c80000, 0x0000000100000000)
  eden space 118272K, 0% used [0x00000000d5580000,0x00000000d5580000,0x00000000dc900000)
  from space 11776K, 63% used [0x00000000dc900000,0x00000000dd049078,0x00000000dd480000)
  to   space 11264K, 0% used [0x00000000e1180000,0x00000000e1180000,0x00000000e1c80000)
 ParOldGen       total 50688K, used 9371K [0x0000000080000000, 0x0000000083180000, 0x00000000d5580000)
  object space 50688K, 18% used [0x0000000080000000,0x0000000080926c40,0x0000000083180000)
 Metaspace       used 34103K, capacity 35254K, committed 35416K, reserved 1079296K
  class space    used 4601K, capacity 4890K, committed 4992K, reserved 1048576K
Event: 13.380 GC heap after
Heap after GC invocations=11 (full 2):
 PSYoungGen      total 130048K, used 0K [0x00000000d5580000, 0x00000000e1c80000, 0x0000000100000000)
  eden space 118272K, 0% used [0x00000000d5580000,0x00000000d5580000,0x00000000dc900000)
  from space 11776K, 0% used [0x00000000dc900000,0x00000000dc900000,0x00000000dd480000)
  to   space 11264K, 0% used [0x00000000e1180000,0x00000000e1180000,0x00000000e1c80000)
 ParOldGen       total 73216K, used 14190K [0x0000000080000000, 0x0000000084780000, 0x00000000d5580000)
  object space 73216K, 19% used [0x0000000080000000,0x0000000080ddba80,0x0000000084780000)
 Metaspace       used 34103K, capacity 35254K, committed 35416K, reserved 1079296K
  class space    used 4601K, capacity 4890K, committed 4992K, reserved 1048576K
}
Event: 15.426 GC heap before
{Heap before GC invocations=12 (full 2):
 PSYoungGen      total 130048K, used 118272K [0x00000000d5580000, 0x00000000e1c80000, 0x0000000100000000)
  eden space 118272K, 100% used [0x00000000d5580000,0x00000000dc900000,0x00000000dc900000)
  from space 11776K, 0% used [0x00000000dc900000,0x00000000dc900000,0x00000000dd480000)
  to   space 11264K, 0% used [0x00000000e1180000,0x00000000e1180000,0x00000000e1c80000)
 ParOldGen       total 73216K, used 14190K [0x0000000080000000, 0x0000000084780000, 0x00000000d5580000)
  object space 73216K, 19% used [0x0000000080000000,0x0000000080ddba80,0x0000000084780000)
 Metaspace       used 40644K, capacity 42334K, committed 42456K, reserved 1085440K
  class space    used 5454K, capacity 5818K, committed 5888K, reserved 1048576K
Event: 15.439 GC heap after
Heap after GC invocations=12 (full 2):
 PSYoungGen      total 163840K, used 11246K [0x00000000d5580000, 0x00000000e1c80000, 0x0000000100000000)
  eden space 152576K, 0% used [0x00000000d5580000,0x00000000d5580000,0x00000000dea80000)
  from space 11264K, 99% used [0x00000000e1180000,0x00000000e1c7ba20,0x00000000e1c80000)
  to   space 12800K, 0% used [0x00000000e0380000,0x00000000e0380000,0x00000000e1000000)
 ParOldGen       total 73216K, used 14564K [0x0000000080000000, 0x0000000084780000, 0x00000000d5580000)
  object space 73216K, 19% used [0x0000000080000000,0x0000000080e39050,0x0000000084780000)
 Metaspace       used 40644K, capacity 42334K, committed 42456K, reserved 1085440K
  class space    used 5454K, capacity 5818K, committed 5888K, reserved 1048576K
}
Event: 18.122 GC heap before
{Heap before GC invocations=13 (full 2):
 PSYoungGen      total 163840K, used 163822K [0x00000000d5580000, 0x00000000e1c80000, 0x0000000100000000)
  eden space 152576K, 100% used [0x00000000d5580000,0x00000000dea80000,0x00000000dea80000)
  from space 11264K, 99% used [0x00000000e1180000,0x00000000e1c7ba20,0x00000000e1c80000)
  to   space 12800K, 0% used [0x00000000e0380000,0x00000000e0380000,0x00000000e1000000)
 ParOldGen       total 73216K, used 14564K [0x0000000080000000, 0x0000000084780000, 0x00000000d5580000)
  object space 73216K, 19% used [0x0000000080000000,0x0000000080e39050,0x0000000084780000)
 Metaspace       used 51546K, capacity 53844K, committed 54104K, reserved 1095680K
  class space    used 6837K, capacity 7268K, committed 7296K, reserved 1048576K
Event: 18.141 GC heap after
Heap after GC invocations=13 (full 2):
 PSYoungGen      total 190976K, used 12793K [0x00000000d5580000, 0x00000000e3380000, 0x0000000100000000)
  eden space 178176K, 0% used [0x00000000d5580000,0x00000000d5580000,0x00000000e0380000)
  from space 12800K, 99% used [0x00000000e0380000,0x00000000e0ffe408,0x00000000e1000000)
  to   space 17408K, 0% used [0x00000000e2280000,0x00000000e2280000,0x00000000e3380000)
 ParOldGen       total 73216K, used 23118K [0x0000000080000000, 0x0000000084780000, 0x00000000d5580000)
  object space 73216K, 31% used [0x0000000080000000,0x0000000081693a18,0x0000000084780000)
 Metaspace       used 51546K, capacity 53844K, committed 54104K, reserved 1095680K
  class space    used 6837K, capacity 7268K, committed 7296K, reserved 1048576K
}
Event: 18.931 GC heap before
{Heap before GC invocations=14 (full 2):
 PSYoungGen      total 190976K, used 86061K [0x00000000d5580000, 0x00000000e3380000, 0x0000000100000000)
  eden space 178176K, 41% used [0x00000000d5580000,0x00000000d9d0d3e8,0x00000000e0380000)
  from space 12800K, 99% used [0x00000000e0380000,0x00000000e0ffe408,0x00000000e1000000)
  to   space 17408K, 0% used [0x00000000e2280000,0x00000000e2280000,0x00000000e3380000)
 ParOldGen       total 73216K, used 23118K [0x0000000080000000, 0x0000000084780000, 0x00000000d5580000)
  object space 73216K, 31% used [0x0000000080000000,0x0000000081693a18,0x0000000084780000)
 Metaspace       used 56433K, capacity 58914K, committed 59028K, reserved 1099776K
  class space    used 7418K, capacity 7895K, committed 7936K, reserved 1048576K
Event: 18.945 GC heap after
Heap after GC invocations=14 (full 2):
 PSYoungGen      total 210944K, used 8492K [0x00000000d5580000, 0x00000000e5180000, 0x0000000100000000)
  eden space 193536K, 0% used [0x00000000d5580000,0x00000000d5580000,0x00000000e1280000)
  from space 17408K, 48% used [0x00000000e2280000,0x00000000e2acb040,0x00000000e3380000)
  to   space 16384K, 0% used [0x00000000e1280000,0x00000000e1280000,0x00000000e2280000)
 ParOldGen       total 73216K, used 30212K [0x0000000080000000, 0x0000000084780000, 0x00000000d5580000)
  object space 73216K, 41% used [0x0000000080000000,0x0000000081d811e0,0x0000000084780000)
 Metaspace       used 56433K, capacity 58914K, committed 59028K, reserved 1099776K
  class space    used 7418K, capacity 7895K, committed 7936K, reserved 1048576K
}
Event: 18.945 GC heap before
{Heap before GC invocations=15 (full 3):
 PSYoungGen      total 210944K, used 8492K [0x00000000d5580000, 0x00000000e5180000, 0x0000000100000000)
  eden space 193536K, 0% used [0x00000000d5580000,0x00000000d5580000,0x00000000e1280000)
  from space 17408K, 48% used [0x00000000e2280000,0x00000000e2acb040,0x00000000e3380000)
  to   space 16384K, 0% used [0x00000000e1280000,0x00000000e1280000,0x00000000e2280000)
 ParOldGen       total 73216K, used 30212K [0x0000000080000000, 0x0000000084780000, 0x00000000d5580000)
  object space 73216K, 41% used [0x0000000080000000,0x0000000081d811e0,0x0000000084780000)
 Metaspace       used 56433K, capacity 58914K, committed 59028K, reserved 1099776K
  class space    used 7418K, capacity 7895K, committed 7936K, reserved 1048576K
Event: 19.231 GC heap after
Heap after GC invocations=15 (full 3):
 PSYoungGen      total 210944K, used 0K [0x00000000d5580000, 0x00000000e5180000, 0x0000000100000000)
  eden space 193536K, 0% used [0x00000000d5580000,0x00000000d5580000,0x00000000e1280000)
  from space 17408K, 0% used [0x00000000e2280000,0x00000000e2280000,0x00000000e3380000)
  to   space 16384K, 0% used [0x00000000e1280000,0x00000000e1280000,0x00000000e2280000)
 ParOldGen       total 118784K, used 33967K [0x0000000080000000, 0x0000000087400000, 0x00000000d5580000)
  object space 118784K, 28% used [0x0000000080000000,0x000000008212bef8,0x0000000087400000)
 Metaspace       used 56344K, capacity 58666K, committed 59028K, reserved 1099776K
  class space    used 7393K, capacity 7859K, committed 7936K, reserved 1048576K
}

